<?xml version="1.0" encoding="UTF-8"?>
<testsuite name="matchers.RepeatedVariablesMatcherTest" tests="16" skipped="0" failures="0" errors="0" timestamp="2025-12-02T12:51:44.074Z" hostname="0000NBB0W2P1Q29" time="0.018">
  <properties/>
  <testcase name="testMatchWithDifferentLengthRepeats" classname="matchers.RepeatedVariablesMatcherTest" time="0.014"/>
  <testcase name="testMatchRepeatedVariablesWithTerminals" classname="matchers.RepeatedVariablesMatcherTest" time="0.001"/>
  <testcase name="testCalculateRepeatedVariablesCountWithComplexPattern" classname="matchers.RepeatedVariablesMatcherTest" time="0.0"/>
  <testcase name="testMatchSingleCharacterRepeats" classname="matchers.RepeatedVariablesMatcherTest" time="0.0"/>
  <testcase name="testMatchSingleRepeatedVariable" classname="matchers.RepeatedVariablesMatcherTest" time="0.001"/>
  <testcase name="testMatchInterleavedRepeatedVariables" classname="matchers.RepeatedVariablesMatcherTest" time="0.0"/>
  <testcase name="testMatchSingleRepeatedVariableLongValue" classname="matchers.RepeatedVariablesMatcherTest" time="0.0"/>
  <testcase name="testMatchWithMaxRepeatedVarsZero" classname="matchers.RepeatedVariablesMatcherTest" time="0.0"/>
  <testcase name="testCalculateRepeatedVariablesCountWithSingleRepeat" classname="matchers.RepeatedVariablesMatcherTest" time="0.0"/>
  <testcase name="testNoMatchWhenWordDoesntMatchPattern" classname="matchers.RepeatedVariablesMatcherTest" time="0.001"/>
  <testcase name="testMatchTwoRepeatedVariables" classname="matchers.RepeatedVariablesMatcherTest" time="0.0"/>
  <testcase name="testMatchNoRepeatedVariables" classname="matchers.RepeatedVariablesMatcherTest" time="0.0"/>
  <testcase name="testCalculateRepeatedVariablesCountWithMixedRepeats" classname="matchers.RepeatedVariablesMatcherTest" time="0.0"/>
  <testcase name="testCalculateRepeatedVariablesCountWithNoRepeats" classname="matchers.RepeatedVariablesMatcherTest" time="0.0"/>
  <testcase name="testMatchComplexRepeatedPattern" classname="matchers.RepeatedVariablesMatcherTest" time="0.0"/>
  <testcase name="testCalculateRepeatedVariablesCountWithMultipleRepeats" classname="matchers.RepeatedVariablesMatcherTest" time="0.0"/>
  <system-out><![CDATA[]]></system-out>
  <system-err><![CDATA[]]></system-err>
</testsuite>
