<?xml version="1.0" encoding="UTF-8"?>
<testsuite name="matchers.NonCrossPatternMatcherTest" tests="5" skipped="0" failures="0" errors="0" timestamp="2025-12-18T18:20:36.593Z" hostname="0000NBB0W2P1Q29" time="0.021">
  <properties/>
  <testcase name="testSingleRepeatedVariable" classname="matchers.NonCrossPatternMatcherTest" time="0.01"/>
  <testcase name="testVariablesWithDifferentLengths" classname="matchers.NonCrossPatternMatcherTest" time="0.009"/>
  <testcase name="testDifferentRepetitionCounts" classname="matchers.NonCrossPatternMatcherTest" time="0.001"/>
  <testcase name="testNegativeCase" classname="matchers.NonCrossPatternMatcherTest" time="0.0"/>
  <testcase name="testBasicRepeatedVariables" classname="matchers.NonCrossPatternMatcherTest" time="0.0"/>
  <system-out><![CDATA[]]></system-out>
  <system-err><![CDATA[]]></system-err>
</testsuite>
