<?xml version="1.0" encoding="UTF-8"?>
<testsuite name="matchers.ScopeCoincidenceMatcherTest" tests="16" skipped="0" failures="0" errors="0" timestamp="2025-12-02T12:51:44.017Z" hostname="0000NBB0W2P1Q29" time="0.057">
  <properties/>
  <testcase name="testMatchLongerVariableValues" classname="matchers.ScopeCoincidenceMatcherTest" time="0.002"/>
  <testcase name="testCalculateSCDWithOverlappingVariables" classname="matchers.ScopeCoincidenceMatcherTest" time="0.0"/>
  <testcase name="testCalculateSCDWithComplexOverlap" classname="matchers.ScopeCoincidenceMatcherTest" time="0.0"/>
  <testcase name="testMatchPatternWithDifferentVariableValues" classname="matchers.ScopeCoincidenceMatcherTest" time="0.0"/>
  <testcase name="testMatchWithEmptySubstitutionParameter" classname="matchers.ScopeCoincidenceMatcherTest" time="0.001"/>
  <testcase name="testNoMatchWhenWordDoesntMatch" classname="matchers.ScopeCoincidenceMatcherTest" time="0.0"/>
  <testcase name="testMatchWithPartialSubstitution" classname="matchers.ScopeCoincidenceMatcherTest" time="0.001"/>
  <testcase name="testCalculateSCDWithSingleVariable" classname="matchers.ScopeCoincidenceMatcherTest" time="0.001"/>
  <testcase name="testMatchSimplePatternWithSCD1" classname="matchers.ScopeCoincidenceMatcherTest" time="0.0"/>
  <testcase name="testMatchComplexPatternWithSCD2" classname="matchers.ScopeCoincidenceMatcherTest" time="0.001"/>
  <testcase name="testNoMatchWithInconsistentPartialSubstitution" classname="matchers.ScopeCoincidenceMatcherTest" time="0.0"/>
  <testcase name="testMatchPatternWithTerminals" classname="matchers.ScopeCoincidenceMatcherTest" time="0.001"/>
  <testcase name="testMatchWithMaxSCD3" classname="matchers.ScopeCoincidenceMatcherTest" time="0.0"/>
  <testcase name="testMatchPatternWithSCD2" classname="matchers.ScopeCoincidenceMatcherTest" time="0.0"/>
  <testcase name="testMatchMixedPattern" classname="matchers.ScopeCoincidenceMatcherTest" time="0.046"/>
  <testcase name="testCalculateSCDWithNonOverlappingVariables" classname="matchers.ScopeCoincidenceMatcherTest" time="0.001"/>
  <system-out><![CDATA[]]></system-out>
  <system-err><![CDATA[]]></system-err>
</testsuite>
